[2026-05-04 16:31:35] POST /auth
[2026-05-04 16:32:04] POST /auth
[2026-05-04 16:32:04] GET /produkte
[2026-05-04 16:32:04] GET /nachschub
[2026-05-04 16:32:04] GET /chargen
[2026-05-04 16:32:04] GET /produkte
[2026-05-04 16:32:04] GET /nachschub
[2026-05-04 16:32:04] GET /chargen
[2026-05-04 16:32:08] GET /produkte
[2026-05-04 16:32:08] GET /chargen
[2026-05-04 16:32:08] GET /produkte
[2026-05-04 16:32:08] GET /chargen
[2026-05-04 16:32:10] POST /inventur
[2026-05-04 16:32:10] GET /chargen
[2026-05-04 16:32:10] GET /produkte
[2026-05-04 16:32:10] POST /inventur
[2026-05-04 16:32:10] GET /produkte
[2026-05-04 16:32:10] GET /chargen
[2026-05-04 16:32:11] POST /inventur
[2026-05-04 16:32:11] GET /produkte
[2026-05-04 16:32:11] GET /chargen
[2026-05-04 16:32:13] GET /produkte
[2026-05-04 16:32:13] GET /chargen
[2026-05-04 16:32:13] GET /nachschub
[2026-05-04 16:32:13] GET /produkte
[2026-05-04 16:32:13] GET /chargen
[2026-05-04 16:32:13] GET /nachschub
[2026-05-04 16:32:38] POST /produkte
[2026-05-04 16:32:39] GET /produkte
[2026-05-04 16:32:39] GET /chargen
[2026-05-04 16:32:39] GET /nachschub
[2026-05-04 16:32:39] GET /produkte
[2026-05-04 16:32:39] GET /nachschub
[2026-05-04 16:32:39] GET /chargen
[2026-05-04 16:32:46] GET /produkte
[2026-05-04 16:32:46] GET /chargen
[2026-05-04 16:32:46] GET /nachschub
[2026-05-04 16:32:46] GET /chargen
[2026-05-04 16:32:46] GET /produkte
[2026-05-04 16:32:46] GET /nachschub
[2026-05-04 16:32:51] GET /produkte
[2026-05-04 16:32:51] GET /chargen
[2026-05-04 16:32:51] GET /nachschub
[2026-05-04 16:32:51] GET /produkte
[2026-05-04 16:32:51] GET /chargen
[2026-05-04 16:32:51] GET /nachschub
[2026-05-04 16:32:53] GET /produkte
[2026-05-04 16:32:53] GET /chargen
[2026-05-04 16:32:53] GET /produkte
[2026-05-04 16:32:53] GET /chargen
[2026-05-04 16:33:04] POST /chargen
[2026-05-04 16:33:04] GET /produkte
[2026-05-04 16:33:04] GET /chargen
[2026-05-04 16:33:07] GET /produkte
[2026-05-04 16:33:07] GET /chargen
[2026-05-04 16:33:07] GET /nachschub
[2026-05-04 16:33:07] GET /chargen
[2026-05-04 16:33:07] GET /nachschub
[2026-05-04 16:33:07] GET /produkte
[2026-05-04 16:33:09] GET /produkte
[2026-05-04 16:33:09] GET /chargen
[2026-05-04 16:33:09] GET /produkte
[2026-05-04 16:33:09] GET /chargen
[2026-05-04 16:33:11] POST /inventur
[2026-05-04 16:33:11] GET /produkte
[2026-05-04 16:33:11] GET /chargen
[2026-05-04 16:33:12] POST /inventur
[2026-05-04 16:33:12] GET /produkte
[2026-05-04 16:33:12] GET /chargen
[2026-05-04 16:33:12] POST /inventur
[2026-05-04 16:33:12] GET /chargen
[2026-05-04 16:33:12] GET /produkte
[2026-05-04 16:33:14] GET /chargen
[2026-05-04 16:33:14] GET /produkte
[2026-05-04 16:33:14] GET /nachschub
[2026-05-04 16:33:14] GET /chargen
[2026-05-04 16:33:14] GET /produkte
[2026-05-04 16:33:14] GET /nachschub
[2026-05-04 16:33:15] GET /produkte
[2026-05-04 16:33:15] GET /chargen
[2026-05-04 16:33:15] GET /produkte
[2026-05-04 16:33:15] GET /chargen
[2026-05-04 16:33:18] GET /produkte
[2026-05-04 16:33:18] GET /chargen
[2026-05-04 16:33:18] GET /nachschub
[2026-05-04 16:33:18] GET /produkte
[2026-05-04 16:33:18] GET /nachschub
[2026-05-04 16:33:18] GET /chargen
[2026-05-04 16:33:22] GET /chargen
[2026-05-04 16:33:22] GET /produkte
[2026-05-04 16:33:22] GET /chargen
[2026-05-04 16:33:22] GET /produkte
[2026-05-04 16:33:23] POST /inventur
[2026-05-04 16:33:23] GET /produkte
[2026-05-04 16:33:23] GET /chargen
[2026-05-04 16:33:23] POST /inventur
[2026-05-04 16:33:23] GET /produkte
[2026-05-04 16:33:23] GET /chargen
[2026-05-04 16:33:24] GET /produkte
[2026-05-04 16:33:24] GET /chargen
[2026-05-04 16:33:24] GET /nachschub
[2026-05-04 16:33:24] GET /produkte
[2026-05-04 16:33:24] GET /nachschub
[2026-05-04 16:33:24] GET /chargen
[2026-05-04 16:33:40] POST /produkte
[2026-05-04 16:33:42] GET /produkte
[2026-05-04 16:33:42] GET /chargen
[2026-05-04 16:33:42] GET /nachschub
[2026-05-04 16:33:42] GET /produkte
[2026-05-04 16:33:42] GET /chargen
[2026-05-04 16:33:42] GET /nachschub
[2026-05-04 16:33:44] GET /produkte
[2026-05-04 16:33:44] GET /chargen
[2026-05-04 16:33:44] GET /produkte
[2026-05-04 16:33:44] GET /chargen
[2026-05-04 16:33:50] POST /chargen
[2026-05-04 16:33:50] GET /produkte
[2026-05-04 16:33:50] GET /chargen
[2026-05-04 16:33:56] POST /chargen
[2026-05-04 16:33:56] GET /produkte
[2026-05-04 16:33:56] GET /chargen
[2026-05-04 16:33:57] POST /inventur
[2026-05-04 16:33:57] GET /produkte
[2026-05-04 16:33:57] GET /chargen
[2026-05-04 16:33:57] POST /inventur
[2026-05-04 16:33:57] GET /produkte
[2026-05-04 16:33:57] GET /chargen
[2026-05-04 16:33:58] GET /produkte
[2026-05-04 16:33:58] GET /nachschub
[2026-05-04 16:33:58] GET /chargen
[2026-05-04 16:33:58] GET /produkte
[2026-05-04 16:33:58] GET /chargen
[2026-05-04 16:33:58] GET /nachschub
[2026-05-04 16:34:03] GET /produkte
[2026-05-04 16:34:03] GET /chargen
[2026-05-04 16:34:03] GET /produkte
[2026-05-04 16:34:03] GET /chargen
[2026-05-04 16:34:05] GET /produkte
[2026-05-04 16:34:05] GET /chargen
[2026-05-04 16:34:05] GET /nachschub
[2026-05-04 16:34:05] GET /produkte
[2026-05-04 16:34:05] GET /nachschub
[2026-05-04 16:34:05] GET /chargen
